<?xml version="1.0" encoding="UTF-8" ?>
<testsuite tests="4" failures="0" name="com.virtusa.qa.api.RunnerTest" time="2.195" errors="0" skipped="0">
  <properties>
[...]
</properties>
  <testcase classname="[product]" name="[1:3] Get the full product list" time="1.944"/>
  <testcase classname="[product]" name="[2:9] Add a new product to the list" time="0.086"/>
  <testcase classname="[product]" name="[3:15] Delete the 3rd product from the product list" time="0.13"/>
  <testcase classname="[product]" name="[4:20] Update the price of the first product in the list" time="0.035"/>
</testsuite>